<?xml version="1.0" encoding="UTF-8"?>
<!-- Generated by org.testng.reporters.JUnitXMLReporter -->
<testsuite ignored="0" hostname="LAPTOP-UNVJLEE0" failures="1" tests="1" name="validate Tittle" time="9.943" errors="0" timestamp="2021-10-11T21:21:13 IST">
  <testcase classname="sapf.vTittle" name="validatetext" time="0.207">
    <failure type="java.lang.AssertionError" message="expected [Create a Page for a celebrity, band or business.] but found [ಫೇಸ್ ಬುಕ್ ನಿಮ್ಮ ಜೀವನದಲ್ಲಿರುವ ಜನರನ್ನು ಸಂಪರ್ಕಿಸಲು ಮತ್ತು ಅವರೊಂದಿಗೆ ಹಂಚಿಕೊಳ್ಳಲು ಸಹಕರಿಸುತ್ತದೆ]">
      <![CDATA[java.lang.AssertionError: expected [Create a Page for a celebrity, band or business.] but found [ಫೇಸ್ ಬುಕ್ ನಿಮ್ಮ ಜೀವನದಲ್ಲಿರುವ ಜನರನ್ನು ಸಂಪರ್ಕಿಸಲು ಮತ್ತು ಅವರೊಂದಿಗೆ ಹಂಚಿಕೊಳ್ಳಲು ಸಹಕರಿಸುತ್ತದೆ]
at sapf.vTittle.validatetext(vTittle.java:41)
at java.base/java.util.ArrayList.forEach(ArrayList.java:1511)
at java.base/java.util.concurrent.FutureTask.run(FutureTask.java:264)
at java.base/java.util.concurrent.ThreadPoolExecutor.runWorker(ThreadPoolExecutor.java:1130)
at java.base/java.util.concurrent.ThreadPoolExecutor$Worker.run(ThreadPoolExecutor.java:630)
at java.base/java.lang.Thread.run(Thread.java:832)
... Removed 24 stack frames]]>
    </failure>
  </testcase> <!-- validatetext -->
</testsuite> <!-- validate Tittle -->
