<?xml version="1.0" encoding="UTF-8"?>
<!-- Generated by org.testng.reporters.JUnitXMLReporter -->
<testsuite hostname="LAPTOP-UNVJLEE0" ignored="0" name="validate Tittle" tests="1" failures="1" timestamp="2021-10-12T22:39:17 IST" time="9.778" errors="0">
  <testcase name="validatetext" time="0.154" classname="sapf.vTittle">
    <failure type="java.lang.AssertionError" message="expected [Create a Page for a celebrity, band or business.] but found [ಫೇಸ್ ಬುಕ್ ನಿಮ್ಮ ಜೀವನದಲ್ಲಿರುವ ಜನರನ್ನು ಸಂಪರ್ಕಿಸಲು ಮತ್ತು ಅವರೊಂದಿಗೆ ಹಂಚಿಕೊಳ್ಳಲು ಸಹಕರಿಸುತ್ತದೆ]">
      <![CDATA[java.lang.AssertionError: expected [Create a Page for a celebrity, band or business.] but found [ಫೇಸ್ ಬುಕ್ ನಿಮ್ಮ ಜೀವನದಲ್ಲಿರುವ ಜನರನ್ನು ಸಂಪರ್ಕಿಸಲು ಮತ್ತು ಅವರೊಂದಿಗೆ ಹಂಚಿಕೊಳ್ಳಲು ಸಹಕರಿಸುತ್ತದೆ]
at sapf.vTittle.validatetext(vTittle.java:41)
at java.util.ArrayList.forEach(ArrayList.java:1259)
at java.util.concurrent.FutureTask.run(FutureTask.java:266)
at java.util.concurrent.ThreadPoolExecutor.runWorker(ThreadPoolExecutor.java:1149)
at java.util.concurrent.ThreadPoolExecutor$Worker.run(ThreadPoolExecutor.java:624)
at java.lang.Thread.run(Thread.java:748)
... Removed 24 stack frames]]>
    </failure>
  </testcase> <!-- validatetext -->
</testsuite> <!-- validate Tittle -->
