<?xml version="1.0" encoding="UTF-8"?>
<testng-results skipped="0" failed="1" ignored="0" total="3" passed="2">
  <reporter-output>
  </reporter-output>
  <suite name="Suite" duration-ms="9778" started-at="2021-10-12T22:39:08 IST" finished-at="2021-10-12T22:39:17 IST">
    <groups>
    </groups>
    <test name="validate Homepage" duration-ms="8670" started-at="2021-10-12T22:39:08 IST" finished-at="2021-10-12T22:39:16 IST">
      <class name="sapf.Homepage">
        <test-method status="PASS" signature="openBrowser()[pri:0, instance:sapf.Homepage@41a0aa7d]" name="openBrowser" is-config="true" duration-ms="2893" started-at="2021-10-12T22:39:08 IST" finished-at="2021-10-12T22:39:10 IST">
          <reporter-output>
          </reporter-output>
        </test-method> <!-- openBrowser -->
        <test-method status="PASS" signature="basepagenavigation(java.lang.String,java.lang.String)[pri:0, instance:sapf.Homepage@41a0aa7d]" name="basepagenavigation" duration-ms="2485" started-at="2021-10-12T22:39:11 IST" data-provider="getData" finished-at="2021-10-12T22:39:13 IST">
          <params>
            <param index="0">
              <value>
                <![CDATA[sharanpadashetty637@gmail.com]]>
              </value>
            </param>
            <param index="1">
              <value>
                <![CDATA[Padashetty$2110]]>
              </value>
            </param>
          </params>
          <reporter-output>
          </reporter-output>
        </test-method> <!-- basepagenavigation -->
        <test-method status="PASS" signature="basepagenavigation(java.lang.String,java.lang.String)[pri:0, instance:sapf.Homepage@41a0aa7d]" name="basepagenavigation" duration-ms="3048" started-at="2021-10-12T22:39:13 IST" data-provider="getData" finished-at="2021-10-12T22:39:16 IST">
          <params>
            <param index="0">
              <value>
                <![CDATA[8073048760]]>
              </value>
            </param>
            <param index="1">
              <value>
                <![CDATA[Padashetty$2110]]>
              </value>
            </param>
          </params>
          <reporter-output>
          </reporter-output>
        </test-method> <!-- basepagenavigation -->
        <test-method status="PASS" signature="teardown()[pri:0, instance:sapf.Homepage@41a0aa7d]" name="teardown" is-config="true" duration-ms="179" started-at="2021-10-12T22:39:16 IST" finished-at="2021-10-12T22:39:16 IST">
          <reporter-output>
          </reporter-output>
        </test-method> <!-- teardown -->
      </class> <!-- sapf.Homepage -->
    </test> <!-- validate Homepage -->
    <test name="validate Tittle" duration-ms="9778" started-at="2021-10-12T22:39:08 IST" finished-at="2021-10-12T22:39:17 IST">
      <class name="sapf.vTittle">
        <test-method status="PASS" signature="openBrowser()[pri:0, instance:sapf.vTittle@6e9175d8]" name="openBrowser" is-config="true" duration-ms="5198" started-at="2021-10-12T22:39:08 IST" finished-at="2021-10-12T22:39:13 IST">
          <reporter-output>
          </reporter-output>
        </test-method> <!-- openBrowser -->
        <test-method status="FAIL" signature="validatetext()[pri:0, instance:sapf.vTittle@6e9175d8]" name="validatetext" duration-ms="154" started-at="2021-10-12T22:39:13 IST" finished-at="2021-10-12T22:39:13 IST">
          <exception class="java.lang.AssertionError">
            <message>
              <![CDATA[expected [Create a Page for a celebrity, band or business.] but found [ಫೇಸ್ ಬುಕ್ ನಿಮ್ಮ ಜೀವನದಲ್ಲಿರುವ ಜನರನ್ನು ಸಂಪರ್ಕಿಸಲು ಮತ್ತು ಅವರೊಂದಿಗೆ ಹಂಚಿಕೊಳ್ಳಲು ಸಹಕರಿಸುತ್ತದೆ]]]>
            </message>
            <full-stacktrace>
              <![CDATA[java.lang.AssertionError: expected [Create a Page for a celebrity, band or business.] but found [ಫೇಸ್ ಬುಕ್ ನಿಮ್ಮ ಜೀವನದಲ್ಲಿರುವ ಜನರನ್ನು ಸಂಪರ್ಕಿಸಲು ಮತ್ತು ಅವರೊಂದಿಗೆ ಹಂಚಿಕೊಳ್ಳಲು ಸಹಕರಿಸುತ್ತದೆ]
at org.testng.Assert.fail(Assert.java:99)
at org.testng.Assert.failNotEquals(Assert.java:1037)
at org.testng.Assert.assertEqualsImpl(Assert.java:140)
at org.testng.Assert.assertEquals(Assert.java:122)
at org.testng.Assert.assertEquals(Assert.java:629)
at org.testng.Assert.assertEquals(Assert.java:639)
at sapf.vTittle.validatetext(vTittle.java:41)
at sun.reflect.NativeMethodAccessorImpl.invoke0(Native Method)
at sun.reflect.NativeMethodAccessorImpl.invoke(NativeMethodAccessorImpl.java:62)
at sun.reflect.DelegatingMethodAccessorImpl.invoke(DelegatingMethodAccessorImpl.java:43)
at java.lang.reflect.Method.invoke(Method.java:498)
at org.testng.internal.MethodInvocationHelper.invokeMethod(MethodInvocationHelper.java:133)
at org.testng.internal.TestInvoker.invokeMethod(TestInvoker.java:598)
at org.testng.internal.TestInvoker.invokeTestMethod(TestInvoker.java:173)
at org.testng.internal.MethodRunner.runInSequence(MethodRunner.java:46)
at org.testng.internal.TestInvoker$MethodInvocationAgent.invoke(TestInvoker.java:824)
at org.testng.internal.TestInvoker.invokeTestMethods(TestInvoker.java:146)
at org.testng.internal.TestMethodWorker.invokeTestMethods(TestMethodWorker.java:146)
at org.testng.internal.TestMethodWorker.run(TestMethodWorker.java:128)
at java.util.ArrayList.forEach(ArrayList.java:1259)
at org.testng.TestRunner.privateRun(TestRunner.java:794)
at org.testng.TestRunner.run(TestRunner.java:596)
at org.testng.SuiteRunner.runTest(SuiteRunner.java:377)
at org.testng.SuiteRunner.access$000(SuiteRunner.java:28)
at org.testng.SuiteRunner$SuiteWorker.run(SuiteRunner.java:418)
at org.testng.internal.thread.ThreadUtil.lambda$execute$0(ThreadUtil.java:64)
at java.util.concurrent.FutureTask.run(FutureTask.java:266)
at java.util.concurrent.ThreadPoolExecutor.runWorker(ThreadPoolExecutor.java:1149)
at java.util.concurrent.ThreadPoolExecutor$Worker.run(ThreadPoolExecutor.java:624)
at java.lang.Thread.run(Thread.java:748)
]]>
            </full-stacktrace>
          </exception> <!-- java.lang.AssertionError -->
          <reporter-output>
          </reporter-output>
        </test-method> <!-- validatetext -->
        <test-method status="PASS" signature="closeBrowser()[pri:0, instance:sapf.vTittle@6e9175d8]" name="closeBrowser" is-config="true" duration-ms="4125" started-at="2021-10-12T22:39:13 IST" finished-at="2021-10-12T22:39:17 IST">
          <reporter-output>
          </reporter-output>
        </test-method> <!-- closeBrowser -->
      </class> <!-- sapf.vTittle -->
    </test> <!-- validate Tittle -->
  </suite> <!-- Suite -->
</testng-results>
