<?xml version="1.0" encoding="UTF-8"?>
<testng-results ignored="0" total="3" passed="2" failed="1" skipped="0">
  <reporter-output>
  </reporter-output>
  <suite started-at="2021-10-11T21:21:03 IST" name="Suite" finished-at="2021-10-11T21:21:16 IST" duration-ms="13025">
    <groups>
    </groups>
    <test started-at="2021-10-11T21:21:03 IST" name="validate Tittle" finished-at="2021-10-11T21:21:13 IST" duration-ms="9943">
      <class name="sapf.vTittle">
        <test-method is-config="true" signature="openBrowser()[pri:0, instance:sapf.vTittle@781f10f2]" started-at="2021-10-11T21:21:03 IST" name="openBrowser" finished-at="2021-10-11T21:21:08 IST" duration-ms="5193" status="PASS">
          <reporter-output>
          </reporter-output>
        </test-method> <!-- openBrowser -->
        <test-method signature="validatetext()[pri:0, instance:sapf.vTittle@781f10f2]" started-at="2021-10-11T21:21:08 IST" name="validatetext" finished-at="2021-10-11T21:21:08 IST" duration-ms="207" status="FAIL">
          <exception class="java.lang.AssertionError">
            <message>
              <![CDATA[expected [Create a Page for a celebrity, band or business.] but found [ಫೇಸ್ ಬುಕ್ ನಿಮ್ಮ ಜೀವನದಲ್ಲಿರುವ ಜನರನ್ನು ಸಂಪರ್ಕಿಸಲು ಮತ್ತು ಅವರೊಂದಿಗೆ ಹಂಚಿಕೊಳ್ಳಲು ಸಹಕರಿಸುತ್ತದೆ]]]>
            </message>
            <full-stacktrace>
              <![CDATA[java.lang.AssertionError: expected [Create a Page for a celebrity, band or business.] but found [ಫೇಸ್ ಬುಕ್ ನಿಮ್ಮ ಜೀವನದಲ್ಲಿರುವ ಜನರನ್ನು ಸಂಪರ್ಕಿಸಲು ಮತ್ತು ಅವರೊಂದಿಗೆ ಹಂಚಿಕೊಳ್ಳಲು ಸಹಕರಿಸುತ್ತದೆ]
at org.testng.Assert.fail(Assert.java:99)
at org.testng.Assert.failNotEquals(Assert.java:1037)
at org.testng.Assert.assertEqualsImpl(Assert.java:140)
at org.testng.Assert.assertEquals(Assert.java:122)
at org.testng.Assert.assertEquals(Assert.java:629)
at org.testng.Assert.assertEquals(Assert.java:639)
at sapf.vTittle.validatetext(vTittle.java:41)
at java.base/jdk.internal.reflect.NativeMethodAccessorImpl.invoke0(Native Method)
at java.base/jdk.internal.reflect.NativeMethodAccessorImpl.invoke(NativeMethodAccessorImpl.java:64)
at java.base/jdk.internal.reflect.DelegatingMethodAccessorImpl.invoke(DelegatingMethodAccessorImpl.java:43)
at java.base/java.lang.reflect.Method.invoke(Method.java:564)
at org.testng.internal.MethodInvocationHelper.invokeMethod(MethodInvocationHelper.java:133)
at org.testng.internal.TestInvoker.invokeMethod(TestInvoker.java:598)
at org.testng.internal.TestInvoker.invokeTestMethod(TestInvoker.java:173)
at org.testng.internal.MethodRunner.runInSequence(MethodRunner.java:46)
at org.testng.internal.TestInvoker$MethodInvocationAgent.invoke(TestInvoker.java:824)
at org.testng.internal.TestInvoker.invokeTestMethods(TestInvoker.java:146)
at org.testng.internal.TestMethodWorker.invokeTestMethods(TestMethodWorker.java:146)
at org.testng.internal.TestMethodWorker.run(TestMethodWorker.java:128)
at java.base/java.util.ArrayList.forEach(ArrayList.java:1511)
at org.testng.TestRunner.privateRun(TestRunner.java:794)
at org.testng.TestRunner.run(TestRunner.java:596)
at org.testng.SuiteRunner.runTest(SuiteRunner.java:377)
at org.testng.SuiteRunner.access$000(SuiteRunner.java:28)
at org.testng.SuiteRunner$SuiteWorker.run(SuiteRunner.java:418)
at org.testng.internal.thread.ThreadUtil.lambda$execute$0(ThreadUtil.java:64)
at java.base/java.util.concurrent.FutureTask.run(FutureTask.java:264)
at java.base/java.util.concurrent.ThreadPoolExecutor.runWorker(ThreadPoolExecutor.java:1130)
at java.base/java.util.concurrent.ThreadPoolExecutor$Worker.run(ThreadPoolExecutor.java:630)
at java.base/java.lang.Thread.run(Thread.java:832)
]]>
            </full-stacktrace>
          </exception> <!-- java.lang.AssertionError -->
          <reporter-output>
          </reporter-output>
        </test-method> <!-- validatetext -->
        <test-method is-config="true" signature="closeBrowser()[pri:0, instance:sapf.vTittle@781f10f2]" started-at="2021-10-11T21:21:09 IST" name="closeBrowser" finished-at="2021-10-11T21:21:13 IST" duration-ms="4207" status="PASS">
          <reporter-output>
          </reporter-output>
        </test-method> <!-- closeBrowser -->
      </class> <!-- sapf.vTittle -->
    </test> <!-- validate Tittle -->
    <test started-at="2021-10-11T21:21:03 IST" name="validate Homepage" finished-at="2021-10-11T21:21:16 IST" duration-ms="13025">
      <class name="sapf.Homepage">
        <test-method is-config="true" signature="openBrowser()[pri:0, instance:sapf.Homepage@35e5d0e5]" started-at="2021-10-11T21:21:03 IST" name="openBrowser" finished-at="2021-10-11T21:21:06 IST" duration-ms="2625" status="PASS">
          <reporter-output>
          </reporter-output>
        </test-method> <!-- openBrowser -->
        <test-method signature="basepagenavigation(java.lang.String,java.lang.String)[pri:0, instance:sapf.Homepage@35e5d0e5]" started-at="2021-10-11T21:21:06 IST" name="basepagenavigation" data-provider="getData" finished-at="2021-10-11T21:21:09 IST" duration-ms="3188" status="PASS">
          <params>
            <param index="0">
              <value>
                <![CDATA[sharanpadashetty637@gmail.com]]>
              </value>
            </param>
            <param index="1">
              <value>
                <![CDATA[Padashetty$2110]]>
              </value>
            </param>
          </params>
          <reporter-output>
          </reporter-output>
        </test-method> <!-- basepagenavigation -->
        <test-method signature="basepagenavigation(java.lang.String,java.lang.String)[pri:0, instance:sapf.Homepage@35e5d0e5]" started-at="2021-10-11T21:21:09 IST" name="basepagenavigation" data-provider="getData" finished-at="2021-10-11T21:21:12 IST" duration-ms="2895" status="PASS">
          <params>
            <param index="0">
              <value>
                <![CDATA[8073048760]]>
              </value>
            </param>
            <param index="1">
              <value>
                <![CDATA[Padashetty$2110]]>
              </value>
            </param>
          </params>
          <reporter-output>
          </reporter-output>
        </test-method> <!-- basepagenavigation -->
        <test-method is-config="true" signature="teardown()[pri:0, instance:sapf.Homepage@35e5d0e5]" started-at="2021-10-11T21:21:12 IST" name="teardown" finished-at="2021-10-11T21:21:16 IST" duration-ms="4221" status="PASS">
          <reporter-output>
          </reporter-output>
        </test-method> <!-- teardown -->
      </class> <!-- sapf.Homepage -->
    </test> <!-- validate Homepage -->
  </suite> <!-- Suite -->
</testng-results>
